<?xml version="1.0" encoding="UTF-8"?>
<!-- Generated by org.testng.reporters.JUnitReportReporter -->
<testsuite skipped="0" hostname="DESKTOP-0T3J6HD" name="module.sampleTestCase" tests="1" failures="0" timestamp="02 Mar 2021 02:10:43 GMT" time="19.232" errors="0">
  <testcase name="f" time="19.232" classname="module.sampleTestCase"/>
</testsuite> <!-- module.sampleTestCase -->
